# JRE version: OpenJDK Runtime Environment (21.0.4) (build 21.0.4+-12508038-b607.1)
# Java VM: OpenJDK 64-Bit Server VM (21.0.4+-12508038-b607.1, mixed mode, tiered, compressed oops, compressed class ptrs, g1 gc, windows-amd64)
GC Precious Log:
 CardTable entry size: 512
 Card Set container configuration: InlinePtr #cards 4 size 8 Array Of Cards #cards 16 size 48 Howl #buckets 8 coarsen threshold 3686 Howl Bitmap #cards 512 size 80 coarsen threshold 460 Card regions per heap region 1 cards per card region 4096
 CPUs: 8 total, 8 available
 Memory: 16159M
 Large Page Support: Disabled
 NUMA Support: Disabled
 Compressed Oops: Enabled (Zero based)
 Heap Region Size: 2M
 Heap Min Capacity: 8M
 Heap Initial Capacity: 254M
 Heap Max Capacity: 4040M
 Pre-touch: Disabled
 Parallel Workers: 8
 Concurrent Workers: 2
 Concurrent Refinement Workers: 8
 Periodic GC: Disabled
Heap:
 garbage-first heap   total 149504K, used 93843K [0x0000000703800000, 0x0000000800000000)
  region size 2048K, 12 young (24576K), 2 survivors (4096K)
 Metaspace       used 70031K, committed 70912K, reserved 1114112K
  class space    used 7961K, committed 8384K, reserved 1048576K
GC Heap History (20 events):
Event: 1.900 GC heap before
{Heap before GC invocations=7 (full 0):
 garbage-first heap   total 40960K, used 25786K [0x0000000703800000, 0x0000000800000000)
  region size 2048K, 5 young (10240K), 1 survivors (2048K)
 Metaspace       used 29858K, committed 30080K, reserved 1114112K
  class space    used 3617K, committed 3712K, reserved 1048576K
}
Event: 1.904 GC heap after
{Heap after GC invocations=8 (full 0):
 garbage-first heap   total 151552K, used 20837K [0x0000000703800000, 0x0000000800000000)
  region size 2048K, 1 young (2048K), 1 survivors (2048K)
 Metaspace       used 29858K, committed 30080K, reserved 1114112K
  class space    used 3617K, committed 3712K, reserved 1048576K
}
Event: 2.359 GC heap before
{Heap before GC invocations=8 (full 0):
 garbage-first heap   total 151552K, used 57701K [0x0000000703800000, 0x0000000800000000)
  region size 2048K, 19 young (38912K), 1 survivors (2048K)
 Metaspace       used 35741K, committed 35968K, reserved 1114112K
  class space    used 4139K, committed 4288K, reserved 1048576K
}
Event: 2.365 GC heap after
{Heap after GC invocations=9 (full 0):
 garbage-first heap   total 151552K, used 25625K [0x0000000703800000, 0x0000000800000000)
  region size 2048K, 4 young (8192K), 4 survivors (8192K)
 Metaspace       used 35741K, committed 35968K, reserved 1114112K
  class space    used 4139K, committed 4288K, reserved 1048576K
}
Event: 3.410 GC heap before
{Heap before GC invocations=10 (full 0):
 garbage-first heap   total 96256K, used 74777K [0x0000000703800000, 0x0000000800000000)
  region size 2048K, 28 young (57344K), 4 survivors (8192K)
 Metaspace       used 42836K, committed 43648K, reserved 1114112K
  class space    used 5036K, committed 5440K, reserved 1048576K
}
Event: 3.439 GC heap after
{Heap after GC invocations=11 (full 0):
 garbage-first heap   total 96256K, used 33279K [0x0000000703800000, 0x0000000800000000)
  region size 2048K, 4 young (8192K), 4 survivors (8192K)
 Metaspace       used 42836K, committed 43648K, reserved 1114112K
  class space    used 5036K, committed 5440K, reserved 1048576K
}
Event: 4.141 GC heap before
{Heap before GC invocations=11 (full 0):
 garbage-first heap   total 96256K, used 72191K [0x0000000703800000, 0x0000000800000000)
  region size 2048K, 23 young (47104K), 4 survivors (8192K)
 Metaspace       used 47288K, committed 48064K, reserved 1114112K
  class space    used 5561K, committed 5952K, reserved 1048576K
}
Event: 4.164 GC heap after
{Heap after GC invocations=12 (full 0):
 garbage-first heap   total 96256K, used 43963K [0x0000000703800000, 0x0000000800000000)
  region size 2048K, 3 young (6144K), 3 survivors (6144K)
 Metaspace       used 47288K, committed 48064K, reserved 1114112K
  class space    used 5561K, committed 5952K, reserved 1048576K
}
Event: 4.852 GC heap before
{Heap before GC invocations=12 (full 0):
 garbage-first heap   total 96256K, used 74683K [0x0000000703800000, 0x0000000800000000)
  region size 2048K, 18 young (36864K), 3 survivors (6144K)
 Metaspace       used 53219K, committed 54016K, reserved 1114112K
  class space    used 6262K, committed 6656K, reserved 1048576K
}
Event: 4.876 GC heap after
{Heap after GC invocations=13 (full 0):
 garbage-first heap   total 122880K, used 49297K [0x0000000703800000, 0x0000000800000000)
  region size 2048K, 3 young (6144K), 3 survivors (6144K)
 Metaspace       used 53219K, committed 54016K, reserved 1114112K
  class space    used 6262K, committed 6656K, reserved 1048576K
}
Event: 5.864 GC heap before
{Heap before GC invocations=13 (full 0):
 garbage-first heap   total 122880K, used 98449K [0x0000000703800000, 0x0000000800000000)
  region size 2048K, 27 young (55296K), 3 survivors (6144K)
 Metaspace       used 55225K, committed 56000K, reserved 1114112K
  class space    used 6400K, committed 6784K, reserved 1048576K
}
Event: 5.903 GC heap after
{Heap after GC invocations=14 (full 0):
 garbage-first heap   total 122880K, used 57991K [0x0000000703800000, 0x0000000800000000)
  region size 2048K, 4 young (8192K), 4 survivors (8192K)
 Metaspace       used 55225K, committed 56000K, reserved 1114112K
  class space    used 6400K, committed 6784K, reserved 1048576K
}
Event: 6.363 GC heap before
{Heap before GC invocations=14 (full 0):
 garbage-first heap   total 122880K, used 84615K [0x0000000703800000, 0x0000000800000000)
  region size 2048K, 18 young (36864K), 4 survivors (8192K)
 Metaspace       used 59445K, committed 60160K, reserved 1114112K
  class space    used 6934K, committed 7296K, reserved 1048576K
}
Event: 6.384 GC heap after
{Heap after GC invocations=15 (full 0):
 garbage-first heap   total 122880K, used 61967K [0x0000000703800000, 0x0000000800000000)
  region size 2048K, 2 young (4096K), 2 survivors (4096K)
 Metaspace       used 59445K, committed 60160K, reserved 1114112K
  class space    used 6934K, committed 7296K, reserved 1048576K
}
Event: 7.214 GC heap before
{Heap before GC invocations=16 (full 0):
 garbage-first heap   total 122880K, used 102927K [0x0000000703800000, 0x0000000800000000)
  region size 2048K, 22 young (45056K), 2 survivors (4096K)
 Metaspace       used 62472K, committed 63232K, reserved 1114112K
  class space    used 7267K, committed 7616K, reserved 1048576K
}
Event: 7.228 GC heap after
{Heap after GC invocations=17 (full 0):
 garbage-first heap   total 122880K, used 64547K [0x0000000703800000, 0x0000000800000000)
  region size 2048K, 3 young (6144K), 3 survivors (6144K)
 Metaspace       used 62472K, committed 63232K, reserved 1114112K
  class space    used 7267K, committed 7616K, reserved 1048576K
}
Event: 8.505 GC heap before
{Heap before GC invocations=17 (full 0):
 garbage-first heap   total 122880K, used 105507K [0x0000000703800000, 0x0000000800000000)
  region size 2048K, 23 young (47104K), 3 survivors (6144K)
 Metaspace       used 68829K, committed 69696K, reserved 1114112K
  class space    used 7958K, committed 8384K, reserved 1048576K
}
Event: 8.528 GC heap after
{Heap after GC invocations=18 (full 0):
 garbage-first heap   total 122880K, used 69029K [0x0000000703800000, 0x0000000800000000)
  region size 2048K, 3 young (6144K), 3 survivors (6144K)
 Metaspace       used 68829K, committed 69696K, reserved 1114112K
  class space    used 7958K, committed 8384K, reserved 1048576K
}
Event: 9.307 GC heap before
{Heap before GC invocations=18 (full 0):
 garbage-first heap   total 122880K, used 105893K [0x0000000703800000, 0x0000000800000000)
  region size 2048K, 21 young (43008K), 3 survivors (6144K)
 Metaspace       used 69531K, committed 70400K, reserved 1114112K
  class space    used 7961K, committed 8384K, reserved 1048576K
}
Event: 9.325 GC heap after
{Heap after GC invocations=19 (full 0):
 garbage-first heap   total 149504K, used 73363K [0x0000000703800000, 0x0000000800000000)
  region size 2048K, 2 young (4096K), 2 survivors (4096K)
 Metaspace       used 69531K, committed 70400K, reserved 1114112K
  class space    used 7961K, committed 8384K, reserved 1048576K
}

